<?xml version="1.0" encoding="UTF-8"?>
<!-- Generated by org.testng.reporters.JUnitReportReporter -->
<testsuite skipped="0" hostname="LAPTOP-68SIVUGA" name="com.qa.acti.base.DriverScript" tests="1" failures="0" timestamp="21 Apr 2021 22:05:22 GMT" time="13.188" errors="0">
  <testcase name="initApplication" time="13.188" classname="com.qa.acti.base.DriverScript"/>
</testsuite> <!-- com.qa.acti.base.DriverScript -->
